<?xml version="1.0" encoding="UTF-8"?>
<testsuite name="org.judy.silentkiosk.repository.ToppingRepositoryTests" tests="1" skipped="0" failures="0" errors="0" timestamp="2021-05-03T10:12:22" hostname="LAPTOP-2A8VP129" time="0.252">
  <properties/>
  <testcase name="testGetMenu()" classname="org.judy.silentkiosk.repository.ToppingRepositoryTests" time="0.252"/>
  <system-out><![CDATA[19:12:17.126 [Test worker] DEBUG org.springframework.test.context.BootstrapUtils - Instantiating CacheAwareContextLoaderDelegate from class [org.springframework.test.context.cache.DefaultCacheAwareContextLoaderDelegate]
19:12:17.126 [Test worker] DEBUG org.springframework.test.context.BootstrapUtils - Instantiating BootstrapContext using constructor [public org.springframework.test.context.support.DefaultBootstrapContext(java.lang.Class,org.springframework.test.context.CacheAwareContextLoaderDelegate)]
19:12:17.157 [Test worker] DEBUG org.springframework.test.context.BootstrapUtils - Instantiating TestContextBootstrapper for test class [org.judy.silentkiosk.repository.ToppingRepositoryTests] from class [org.springframework.boot.test.context.SpringBootTestContextBootstrapper]
19:12:17.173 [Test worker] INFO org.springframework.boot.test.context.SpringBootTestContextBootstrapper - Neither @ContextConfiguration nor @ContextHierarchy found for test class [org.judy.silentkiosk.repository.ToppingRepositoryTests], using SpringBootContextLoader
19:12:17.173 [Test worker] DEBUG org.springframework.test.context.support.AbstractContextLoader - Did not detect default resource location for test class [org.judy.silentkiosk.repository.ToppingRepositoryTests]: class path resource [org/judy/silentkiosk/repository/ToppingRepositoryTests-context.xml] does not exist
19:12:17.173 [Test worker] DEBUG org.springframework.test.context.support.AbstractContextLoader - Did not detect default resource location for test class [org.judy.silentkiosk.repository.ToppingRepositoryTests]: class path resource [org/judy/silentkiosk/repository/ToppingRepositoryTestsContext.groovy] does not exist
19:12:17.173 [Test worker] INFO org.springframework.test.context.support.AbstractContextLoader - Could not detect default resource locations for test class [org.judy.silentkiosk.repository.ToppingRepositoryTests]: no resource found for suffixes {-context.xml, Context.groovy}.
19:12:17.173 [Test worker] INFO org.springframework.test.context.support.AnnotationConfigContextLoaderUtils - Could not detect default configuration classes for test class [org.judy.silentkiosk.repository.ToppingRepositoryTests]: ToppingRepositoryTests does not declare any static, non-private, non-final, nested classes annotated with @Configuration.
19:12:17.204 [Test worker] DEBUG org.springframework.test.context.support.ActiveProfilesUtils - Could not find an 'annotation declaring class' for annotation type [org.springframework.test.context.ActiveProfiles] and class [org.judy.silentkiosk.repository.ToppingRepositoryTests]
19:12:17.267 [Test worker] DEBUG org.springframework.context.annotation.ClassPathScanningCandidateComponentProvider - Identified candidate component class: file [C:\Users\MINJUNG\ideaProjects\silentkiosk\build\classes\java\main\org\judy\silentkiosk\SilentkioskApplication.class]
19:12:17.283 [Test worker] INFO org.springframework.boot.test.context.SpringBootTestContextBootstrapper - Found @SpringBootConfiguration org.judy.silentkiosk.SilentkioskApplication for test class org.judy.silentkiosk.repository.ToppingRepositoryTests
19:12:17.362 [Test worker] DEBUG org.springframework.boot.test.context.SpringBootTestContextBootstrapper - @TestExecutionListeners is not present for class [org.judy.silentkiosk.repository.ToppingRepositoryTests]: using defaults.
19:12:17.377 [Test worker] INFO org.springframework.boot.test.context.SpringBootTestContextBootstrapper - Loaded default TestExecutionListener class names from location [META-INF/spring.factories]: [org.springframework.boot.test.autoconfigure.restdocs.RestDocsTestExecutionListener, org.springframework.boot.test.autoconfigure.web.client.MockRestServiceServerResetTestExecutionListener, org.springframework.boot.test.autoconfigure.web.servlet.MockMvcPrintOnlyOnFailureTestExecutionListener, org.springframework.boot.test.autoconfigure.web.servlet.WebDriverTestExecutionListener, org.springframework.boot.test.autoconfigure.webservices.client.MockWebServiceServerTestExecutionListener, org.springframework.boot.test.mock.mockito.MockitoTestExecutionListener, org.springframework.boot.test.mock.mockito.ResetMocksTestExecutionListener, org.springframework.test.context.web.ServletTestExecutionListener, org.springframework.test.context.support.DirtiesContextBeforeModesTestExecutionListener, org.springframework.test.context.event.ApplicationEventsTestExecutionListener, org.springframework.test.context.support.DependencyInjectionTestExecutionListener, org.springframework.test.context.support.DirtiesContextTestExecutionListener, org.springframework.test.context.transaction.TransactionalTestExecutionListener, org.springframework.test.context.jdbc.SqlScriptsTestExecutionListener, org.springframework.test.context.event.EventPublishingTestExecutionListener]
19:12:17.377 [Test worker] INFO org.springframework.boot.test.context.SpringBootTestContextBootstrapper - Using TestExecutionListeners: [org.springframework.test.context.web.ServletTestExecutionListener@5ef9a003, org.springframework.test.context.support.DirtiesContextBeforeModesTestExecutionListener@4d54ab5d, org.springframework.test.context.event.ApplicationEventsTestExecutionListener@50279281, org.springframework.boot.test.mock.mockito.MockitoTestExecutionListener@239cda6f, org.springframework.boot.test.autoconfigure.SpringBootDependencyInjectionTestExecutionListener@30769fa7, org.springframework.test.context.support.DirtiesContextTestExecutionListener@5890d4b7, org.springframework.test.context.transaction.TransactionalTestExecutionListener@344fe6be, org.springframework.test.context.jdbc.SqlScriptsTestExecutionListener@71c51dfa, org.springframework.test.context.event.EventPublishingTestExecutionListener@75ca3fc2, org.springframework.boot.test.autoconfigure.restdocs.RestDocsTestExecutionListener@2ba178a0, org.springframework.boot.test.autoconfigure.web.client.MockRestServiceServerResetTestExecutionListener@6010017c, org.springframework.boot.test.autoconfigure.web.servlet.MockMvcPrintOnlyOnFailureTestExecutionListener@3963ea49, org.springframework.boot.test.autoconfigure.web.servlet.WebDriverTestExecutionListener@1df3f688, org.springframework.boot.test.autoconfigure.webservices.client.MockWebServiceServerTestExecutionListener@3d37f9ee, org.springframework.boot.test.mock.mockito.ResetMocksTestExecutionListener@5dcc04d5]
19:12:17.393 [Test worker] DEBUG org.springframework.test.context.support.AbstractDirtiesContextTestExecutionListener - Before test class: context [DefaultTestContext@654ee9e2 testClass = ToppingRepositoryTests, testInstance = [null], testMethod = [null], testException = [null], mergedContextConfiguration = [WebMergedContextConfiguration@df6f94f testClass = ToppingRepositoryTests, locations = '{}', classes = '{class org.judy.silentkiosk.SilentkioskApplication}', contextInitializerClasses = '[]', activeProfiles = '{}', propertySourceLocations = '{}', propertySourceProperties = '{org.springframework.boot.test.context.SpringBootTestContextBootstrapper=true}', contextCustomizers = set[org.springframework.boot.test.autoconfigure.actuate.metrics.MetricsExportContextCustomizerFactory$DisableMetricExportContextCustomizer@6232d1b8, org.springframework.boot.test.autoconfigure.properties.PropertyMappingContextCustomizer@0, org.springframework.boot.test.autoconfigure.web.servlet.WebDriverContextCustomizerFactory$Customizer@21c2a7a1, org.springframework.boot.test.context.filter.ExcludeFilterContextCustomizer@4b55fe65, org.springframework.boot.test.json.DuplicateJsonObjectContextCustomizerFactory$DuplicateJsonObjectContextCustomizer@78b6ed43, org.springframework.boot.test.mock.mockito.MockitoContextCustomizer@0, org.springframework.boot.test.web.client.TestRestTemplateContextCustomizer@3b280c28, org.springframework.boot.test.context.SpringBootTestArgs@1, org.springframework.boot.test.context.SpringBootTestWebEnvironment@7c6802bc], resourceBasePath = 'src/main/webapp', contextLoader = 'org.springframework.boot.test.context.SpringBootContextLoader', parent = [null]], attributes = map['org.springframework.test.context.web.ServletTestExecutionListener.activateListener' -> true]], class annotated with @DirtiesContext [false] with mode [null].
19:12:17.440 [Test worker] DEBUG org.springframework.test.context.support.TestPropertySourceUtils - Adding inlined properties to environment: {spring.jmx.enabled=false, org.springframework.boot.test.context.SpringBootTestContextBootstrapper=true}

  .   ____          _            __ _ _
 /\\ / ___'_ __ _ _(_)_ __  __ _ \ \ \ \
( ( )\___ | '_ | '_| | '_ \/ _` | \ \ \ \
 \\/  ___)| |_)| | | | | || (_| |  ) ) ) )
  '  |____| .__|_| |_|_| |_\__, | / / / /
 =========|_|==============|___/=/_/_/_/
 :: Spring Boot ::                (v2.4.5)

2021-05-03 19:12:17.679  INFO 14524 --- [    Test worker] o.j.s.repository.ToppingRepositoryTests  : Starting ToppingRepositoryTests using Java 15.0.1 on LAPTOP-2A8VP129 with PID 14524 (started by MINJUNG in C:\Users\MINJUNG\ideaProjects\silentkiosk)
2021-05-03 19:12:17.679  INFO 14524 --- [    Test worker] o.j.s.repository.ToppingRepositoryTests  : No active profile set, falling back to default profiles: default
2021-05-03 19:12:18.303  INFO 14524 --- [    Test worker] .s.d.r.c.RepositoryConfigurationDelegate : Bootstrapping Spring Data JPA repositories in DEFAULT mode.
2021-05-03 19:12:18.382  INFO 14524 --- [    Test worker] .s.d.r.c.RepositoryConfigurationDelegate : Finished Spring Data repository scanning in 62 ms. Found 2 JPA repository interfaces.
2021-05-03 19:12:18.918  INFO 14524 --- [    Test worker] o.hibernate.jpa.internal.util.LogHelper  : HHH000204: Processing PersistenceUnitInfo [name: default]
2021-05-03 19:12:18.982  INFO 14524 --- [    Test worker] org.hibernate.Version                    : HHH000412: Hibernate ORM core version 5.4.30.Final
2021-05-03 19:12:19.150  INFO 14524 --- [    Test worker] o.hibernate.annotations.common.Version   : HCANN000001: Hibernate Commons Annotations {5.1.2.Final}
2021-05-03 19:12:19.255  INFO 14524 --- [    Test worker] com.zaxxer.hikari.HikariDataSource       : HikariPool-1 - Starting...
2021-05-03 19:12:19.657  INFO 14524 --- [    Test worker] com.zaxxer.hikari.HikariDataSource       : HikariPool-1 - Start completed.
2021-05-03 19:12:19.688  INFO 14524 --- [    Test worker] org.hibernate.dialect.Dialect            : HHH000400: Using dialect: org.hibernate.dialect.MySQL8Dialect
2021-05-03 19:12:20.038  WARN 14524 --- [    Test worker] org.hibernate.mapping.RootClass          : HHH000038: Composite-id class does not override equals(): org.judy.silentkiosk.store.entity.MenuTopping
2021-05-03 19:12:20.038  WARN 14524 --- [    Test worker] org.hibernate.mapping.RootClass          : HHH000039: Composite-id class does not override hashCode(): org.judy.silentkiosk.store.entity.MenuTopping
2021-05-03 19:12:20.782  INFO 14524 --- [    Test worker] o.h.e.t.j.p.i.JtaPlatformInitiator       : HHH000490: Using JtaPlatform implementation: [org.hibernate.engine.transaction.jta.platform.internal.NoJtaPlatform]
2021-05-03 19:12:20.782  INFO 14524 --- [    Test worker] j.LocalContainerEntityManagerFactoryBean : Initialized JPA EntityManagerFactory for persistence unit 'default'
2021-05-03 19:12:21.038  WARN 14524 --- [    Test worker] JpaBaseConfiguration$JpaWebConfiguration : spring.jpa.open-in-view is enabled by default. Therefore, database queries may be performed during view rendering. Explicitly configure spring.jpa.open-in-view to disable this warning
2021-05-03 19:12:21.687  INFO 14524 --- [    Test worker] o.s.s.concurrent.ThreadPoolTaskExecutor  : Initializing ExecutorService 'applicationTaskExecutor'
2021-05-03 19:12:21.965  WARN 14524 --- [    Test worker] ion$DefaultTemplateResolverConfiguration : Cannot find template location: classpath:/templates/ (please add some templates or check your Thymeleaf configuration)
2021-05-03 19:12:22.172  INFO 14524 --- [    Test worker] o.j.s.repository.ToppingRepositoryTests  : Started ToppingRepositoryTests in 4.717 seconds (JVM running for 5.705)
Hibernate: 
    select
        storetoppi1_.tno as tno1_7_0_,
        menutoppin0_.tno as tno1_1_1_,
        menutoppin0_.mno as mno2_1_1_,
        storetoppi1_.sno as sno5_7_0_,
        storetoppi1_.tImg as timg2_7_0_,
        storetoppi1_.tName as tname3_7_0_,
        storetoppi1_.tPrice as tprice4_7_0_ 
    from
        tbl_menu_topping menutoppin0_ 
    left outer join
        tbl_store_topping storetoppi1_ 
            on (
                menutoppin0_.tno=storetoppi1_.tno
            ) 
    where
        menutoppin0_.mno=?
2021-05-03 19:12:22.425  INFO 14524 --- [    Test worker] o.j.s.repository.ToppingRepositoryTests  : [StoreTopping(tno=59, tPrice=dd, tImg=timg_d396370b-06dc-4f2e-8095-e1a217b565c9_chihiro039.jpg, tName=dd), StoreTopping(tno=61, tPrice=ww, tImg=timg_450a94b4-a4d8-4ad9-811a-e19b70752709_kIbmKQfZsuYwTnmRlNDKfTn9l6O.jpg, tName=ww)]
]]></system-out>
  <system-err><![CDATA[]]></system-err>
</testsuite>
