<?xml version="1.0" encoding="UTF-8"?>
<testsuite name="org.judy.silentkiosk.repository.MenuRepositoryTests" tests="1" skipped="0" failures="0" errors="0" timestamp="2021-05-11T09:03:19" hostname="LAPTOP-2A8VP129" time="0.287">
  <properties/>
  <testcase name="getMenuTest2()" classname="org.judy.silentkiosk.repository.MenuRepositoryTests" time="0.287"/>
  <system-out><![CDATA[18:03:14.265 [Test worker] DEBUG org.springframework.test.context.BootstrapUtils - Instantiating CacheAwareContextLoaderDelegate from class [org.springframework.test.context.cache.DefaultCacheAwareContextLoaderDelegate]
18:03:14.274 [Test worker] DEBUG org.springframework.test.context.BootstrapUtils - Instantiating BootstrapContext using constructor [public org.springframework.test.context.support.DefaultBootstrapContext(java.lang.Class,org.springframework.test.context.CacheAwareContextLoaderDelegate)]
18:03:14.300 [Test worker] DEBUG org.springframework.test.context.BootstrapUtils - Instantiating TestContextBootstrapper for test class [org.judy.silentkiosk.repository.MenuRepositoryTests] from class [org.springframework.boot.test.context.SpringBootTestContextBootstrapper]
18:03:14.308 [Test worker] INFO org.springframework.boot.test.context.SpringBootTestContextBootstrapper - Neither @ContextConfiguration nor @ContextHierarchy found for test class [org.judy.silentkiosk.repository.MenuRepositoryTests], using SpringBootContextLoader
18:03:14.311 [Test worker] DEBUG org.springframework.test.context.support.AbstractContextLoader - Did not detect default resource location for test class [org.judy.silentkiosk.repository.MenuRepositoryTests]: class path resource [org/judy/silentkiosk/repository/MenuRepositoryTests-context.xml] does not exist
18:03:14.312 [Test worker] DEBUG org.springframework.test.context.support.AbstractContextLoader - Did not detect default resource location for test class [org.judy.silentkiosk.repository.MenuRepositoryTests]: class path resource [org/judy/silentkiosk/repository/MenuRepositoryTestsContext.groovy] does not exist
18:03:14.312 [Test worker] INFO org.springframework.test.context.support.AbstractContextLoader - Could not detect default resource locations for test class [org.judy.silentkiosk.repository.MenuRepositoryTests]: no resource found for suffixes {-context.xml, Context.groovy}.
18:03:14.313 [Test worker] INFO org.springframework.test.context.support.AnnotationConfigContextLoaderUtils - Could not detect default configuration classes for test class [org.judy.silentkiosk.repository.MenuRepositoryTests]: MenuRepositoryTests does not declare any static, non-private, non-final, nested classes annotated with @Configuration.
18:03:14.347 [Test worker] DEBUG org.springframework.test.context.support.ActiveProfilesUtils - Could not find an 'annotation declaring class' for annotation type [org.springframework.test.context.ActiveProfiles] and class [org.judy.silentkiosk.repository.MenuRepositoryTests]
18:03:14.411 [Test worker] DEBUG org.springframework.context.annotation.ClassPathScanningCandidateComponentProvider - Identified candidate component class: file [C:\Users\MINJUNG\ideaProjects\silentkiosk\build\classes\java\main\org\judy\silentkiosk\SilentkioskApplication.class]
18:03:14.412 [Test worker] INFO org.springframework.boot.test.context.SpringBootTestContextBootstrapper - Found @SpringBootConfiguration org.judy.silentkiosk.SilentkioskApplication for test class org.judy.silentkiosk.repository.MenuRepositoryTests
18:03:14.502 [Test worker] DEBUG org.springframework.boot.test.context.SpringBootTestContextBootstrapper - @TestExecutionListeners is not present for class [org.judy.silentkiosk.repository.MenuRepositoryTests]: using defaults.
18:03:14.502 [Test worker] INFO org.springframework.boot.test.context.SpringBootTestContextBootstrapper - Loaded default TestExecutionListener class names from location [META-INF/spring.factories]: [org.springframework.boot.test.autoconfigure.restdocs.RestDocsTestExecutionListener, org.springframework.boot.test.autoconfigure.web.client.MockRestServiceServerResetTestExecutionListener, org.springframework.boot.test.autoconfigure.web.servlet.MockMvcPrintOnlyOnFailureTestExecutionListener, org.springframework.boot.test.autoconfigure.web.servlet.WebDriverTestExecutionListener, org.springframework.boot.test.autoconfigure.webservices.client.MockWebServiceServerTestExecutionListener, org.springframework.boot.test.mock.mockito.MockitoTestExecutionListener, org.springframework.boot.test.mock.mockito.ResetMocksTestExecutionListener, org.springframework.test.context.web.ServletTestExecutionListener, org.springframework.test.context.support.DirtiesContextBeforeModesTestExecutionListener, org.springframework.test.context.event.ApplicationEventsTestExecutionListener, org.springframework.test.context.support.DependencyInjectionTestExecutionListener, org.springframework.test.context.support.DirtiesContextTestExecutionListener, org.springframework.test.context.transaction.TransactionalTestExecutionListener, org.springframework.test.context.jdbc.SqlScriptsTestExecutionListener, org.springframework.test.context.event.EventPublishingTestExecutionListener]
18:03:14.518 [Test worker] INFO org.springframework.boot.test.context.SpringBootTestContextBootstrapper - Using TestExecutionListeners: [org.springframework.test.context.web.ServletTestExecutionListener@7e0a7706, org.springframework.test.context.support.DirtiesContextBeforeModesTestExecutionListener@5e72c34a, org.springframework.test.context.event.ApplicationEventsTestExecutionListener@76e3010f, org.springframework.boot.test.mock.mockito.MockitoTestExecutionListener@24d67b42, org.springframework.boot.test.autoconfigure.SpringBootDependencyInjectionTestExecutionListener@9c98a99, org.springframework.test.context.support.DirtiesContextTestExecutionListener@41e96079, org.springframework.test.context.transaction.TransactionalTestExecutionListener@2f6cea32, org.springframework.test.context.jdbc.SqlScriptsTestExecutionListener@38f798f6, org.springframework.test.context.event.EventPublishingTestExecutionListener@7daf4033, org.springframework.boot.test.autoconfigure.restdocs.RestDocsTestExecutionListener@77cf1d57, org.springframework.boot.test.autoconfigure.web.client.MockRestServiceServerResetTestExecutionListener@3f3a54e6, org.springframework.boot.test.autoconfigure.web.servlet.MockMvcPrintOnlyOnFailureTestExecutionListener@3b8e5bdf, org.springframework.boot.test.autoconfigure.web.servlet.WebDriverTestExecutionListener@3ca72a45, org.springframework.boot.test.autoconfigure.webservices.client.MockWebServiceServerTestExecutionListener@338dbd23, org.springframework.boot.test.mock.mockito.ResetMocksTestExecutionListener@5e7d52d0]
18:03:14.523 [Test worker] DEBUG org.springframework.test.context.support.AbstractDirtiesContextTestExecutionListener - Before test class: context [DefaultTestContext@37a49bef testClass = MenuRepositoryTests, testInstance = [null], testMethod = [null], testException = [null], mergedContextConfiguration = [WebMergedContextConfiguration@70b8cf3c testClass = MenuRepositoryTests, locations = '{}', classes = '{class org.judy.silentkiosk.SilentkioskApplication}', contextInitializerClasses = '[]', activeProfiles = '{}', propertySourceLocations = '{}', propertySourceProperties = '{org.springframework.boot.test.context.SpringBootTestContextBootstrapper=true}', contextCustomizers = set[org.springframework.boot.test.autoconfigure.actuate.metrics.MetricsExportContextCustomizerFactory$DisableMetricExportContextCustomizer@169a7559, org.springframework.boot.test.autoconfigure.properties.PropertyMappingContextCustomizer@0, org.springframework.boot.test.autoconfigure.web.servlet.WebDriverContextCustomizerFactory$Customizer@48e961dc, org.springframework.boot.test.context.filter.ExcludeFilterContextCustomizer@16e391d4, org.springframework.boot.test.json.DuplicateJsonObjectContextCustomizerFactory$DuplicateJsonObjectContextCustomizer@5f5feb42, org.springframework.boot.test.mock.mockito.MockitoContextCustomizer@0, org.springframework.boot.test.web.client.TestRestTemplateContextCustomizer@5826fe7f, org.springframework.boot.test.context.SpringBootTestArgs@1, org.springframework.boot.test.context.SpringBootTestWebEnvironment@4da3bdf2], resourceBasePath = 'src/main/webapp', contextLoader = 'org.springframework.boot.test.context.SpringBootContextLoader', parent = [null]], attributes = map['org.springframework.test.context.web.ServletTestExecutionListener.activateListener' -> true]], class annotated with @DirtiesContext [false] with mode [null].
18:03:14.580 [Test worker] DEBUG org.springframework.test.context.support.TestPropertySourceUtils - Adding inlined properties to environment: {spring.jmx.enabled=false, org.springframework.boot.test.context.SpringBootTestContextBootstrapper=true}

  .   ____          _            __ _ _
 /\\ / ___'_ __ _ _(_)_ __  __ _ \ \ \ \
( ( )\___ | '_ | '_| | '_ \/ _` | \ \ \ \
 \\/  ___)| |_)| | | | | || (_| |  ) ) ) )
  '  |____| .__|_| |_|_| |_\__, | / / / /
 =========|_|==============|___/=/_/_/_/
 :: Spring Boot ::                (v2.4.5)

2021-05-11 18:03:14.862  INFO 10948 --- [    Test worker] o.j.s.repository.MenuRepositoryTests     : Starting MenuRepositoryTests using Java 15.0.1 on LAPTOP-2A8VP129 with PID 10948 (started by MINJUNG in C:\Users\MINJUNG\ideaProjects\silentkiosk)
2021-05-11 18:03:14.864  INFO 10948 --- [    Test worker] o.j.s.repository.MenuRepositoryTests     : No active profile set, falling back to default profiles: default
2021-05-11 18:03:15.554  INFO 10948 --- [    Test worker] .s.d.r.c.RepositoryConfigurationDelegate : Bootstrapping Spring Data JPA repositories in DEFAULT mode.
2021-05-11 18:03:15.633  INFO 10948 --- [    Test worker] .s.d.r.c.RepositoryConfigurationDelegate : Finished Spring Data repository scanning in 69 ms. Found 4 JPA repository interfaces.
2021-05-11 18:03:16.246  INFO 10948 --- [    Test worker] o.hibernate.jpa.internal.util.LogHelper  : HHH000204: Processing PersistenceUnitInfo [name: default]
2021-05-11 18:03:16.303  INFO 10948 --- [    Test worker] org.hibernate.Version                    : HHH000412: Hibernate ORM core version 5.4.30.Final
2021-05-11 18:03:16.463  INFO 10948 --- [    Test worker] o.hibernate.annotations.common.Version   : HCANN000001: Hibernate Commons Annotations {5.1.2.Final}
2021-05-11 18:03:16.553  INFO 10948 --- [    Test worker] com.zaxxer.hikari.HikariDataSource       : HikariPool-1 - Starting...
2021-05-11 18:03:17.020  INFO 10948 --- [    Test worker] com.zaxxer.hikari.HikariDataSource       : HikariPool-1 - Start completed.
2021-05-11 18:03:17.045  INFO 10948 --- [    Test worker] org.hibernate.dialect.Dialect            : HHH000400: Using dialect: org.hibernate.dialect.MySQL8Dialect
2021-05-11 18:03:17.384  WARN 10948 --- [    Test worker] org.hibernate.mapping.RootClass          : HHH000038: Composite-id class does not override equals(): org.judy.silentkiosk.store.entity.MenuTopping
2021-05-11 18:03:17.384  WARN 10948 --- [    Test worker] org.hibernate.mapping.RootClass          : HHH000039: Composite-id class does not override hashCode(): org.judy.silentkiosk.store.entity.MenuTopping
2021-05-11 18:03:18.222  INFO 10948 --- [    Test worker] o.h.e.t.j.p.i.JtaPlatformInitiator       : HHH000490: Using JtaPlatform implementation: [org.hibernate.engine.transaction.jta.platform.internal.NoJtaPlatform]
2021-05-11 18:03:18.231  INFO 10948 --- [    Test worker] j.LocalContainerEntityManagerFactoryBean : Initialized JPA EntityManagerFactory for persistence unit 'default'
2021-05-11 18:03:18.353  INFO 10948 --- [    Test worker] o.s.s.concurrent.ThreadPoolTaskExecutor  : Initializing ExecutorService 'clientInboundChannelExecutor'
2021-05-11 18:03:18.365  INFO 10948 --- [    Test worker] o.s.s.concurrent.ThreadPoolTaskExecutor  : Initializing ExecutorService 'clientOutboundChannelExecutor'
2021-05-11 18:03:18.368  INFO 10948 --- [    Test worker] o.s.s.concurrent.ThreadPoolTaskExecutor  : Initializing ExecutorService 'brokerChannelExecutor'
2021-05-11 18:03:18.960  INFO 10948 --- [    Test worker] o.s.s.c.ThreadPoolTaskScheduler          : Initializing ExecutorService 'messageBrokerTaskScheduler'
2021-05-11 18:03:19.079  WARN 10948 --- [    Test worker] JpaBaseConfiguration$JpaWebConfiguration : spring.jpa.open-in-view is enabled by default. Therefore, database queries may be performed during view rendering. Explicitly configure spring.jpa.open-in-view to disable this warning
2021-05-11 18:03:19.922  INFO 10948 --- [    Test worker] o.s.m.s.b.SimpleBrokerMessageHandler     : Starting...
2021-05-11 18:03:19.922  INFO 10948 --- [    Test worker] o.s.m.s.b.SimpleBrokerMessageHandler     : BrokerAvailabilityEvent[available=true, SimpleBrokerMessageHandler [org.springframework.messaging.simp.broker.DefaultSubscriptionRegistry@4279b9fd]]
2021-05-11 18:03:19.923  INFO 10948 --- [    Test worker] o.s.m.s.b.SimpleBrokerMessageHandler     : Started.
2021-05-11 18:03:19.932  INFO 10948 --- [    Test worker] o.j.s.repository.MenuRepositoryTests     : Started MenuRepositoryTests in 5.346 seconds (JVM running for 6.349)
Hibernate: 
    select
        storemenu2_.mno as mno1_6_0_,
        storetoppi1_.tno as tno1_7_1_,
        storemenu2_.cno as cno2_6_0_,
        storemenu2_.content as content3_6_0_,
        storemenu2_.mImg as mimg4_6_0_,
        storemenu2_.mPrice as mprice5_6_0_,
        storemenu2_.menuName as menuname6_6_0_,
        storemenu2_.sno as sno7_6_0_,
        storetoppi1_.sno as sno5_7_1_,
        storetoppi1_.tImg as timg2_7_1_,
        storetoppi1_.tName as tname3_7_1_,
        storetoppi1_.tPrice as tprice4_7_1_ 
    from
        tbl_menu_topping menutoppin0_ 
    left outer join
        tbl_store_topping storetoppi1_ 
            on (
                menutoppin0_.tno=storetoppi1_.tno
            ) 
    left outer join
        tbl_store_menu storemenu2_ 
            on (
                storemenu2_.mno=menutoppin0_.mno
            ) 
    where
        menutoppin0_.mno=?
2021-05-11 18:03:20.227  INFO 10948 --- [    Test worker] o.j.s.repository.MenuRepositoryTests     : [StoreMenu(mno=73, menuName=통오징어 튀김, mPrice=7000, content=시즌 한정 메뉴, mImg=mimg_5311a121-6f80-4838-bc9f-ba3595eb66d2_173_shop1_593167.jpg, cno=2), StoreTopping(tno=53, tPrice=1000, tImg=, tName=라면사리)]
2021-05-11 18:03:20.229  INFO 10948 --- [    Test worker] o.j.s.repository.MenuRepositoryTests     : [StoreMenu(mno=73, menuName=통오징어 튀김, mPrice=7000, content=시즌 한정 메뉴, mImg=mimg_5311a121-6f80-4838-bc9f-ba3595eb66d2_173_shop1_593167.jpg, cno=2), StoreTopping(tno=55, tPrice=1000, tImg=, tName=소세지)]
2021-05-11 18:03:20.229  INFO 10948 --- [    Test worker] o.j.s.repository.MenuRepositoryTests     : [StoreMenu(mno=73, menuName=통오징어 튀김, mPrice=7000, content=시즌 한정 메뉴, mImg=mimg_5311a121-6f80-4838-bc9f-ba3595eb66d2_173_shop1_593167.jpg, cno=2), StoreTopping(tno=57, tPrice=1000, tImg=, tName=당면)]
]]></system-out>
  <system-err><![CDATA[]]></system-err>
</testsuite>
