<?xml version="1.0" encoding="UTF-8"?>
<testsuite name="org.judy.silentkiosk.order.repository.OrderRepositoryTests" tests="1" skipped="0" failures="0" errors="0" timestamp="2021-05-17T05:35:53" hostname="DESKTOP-8JMSRA8" time="0.389">
  <properties/>
  <testcase name="insertOrder()" classname="org.judy.silentkiosk.order.repository.OrderRepositoryTests" time="0.389"/>
  <system-out><![CDATA[14:35:46.977 [Test worker] DEBUG org.springframework.test.context.BootstrapUtils - Instantiating CacheAwareContextLoaderDelegate from class [org.springframework.test.context.cache.DefaultCacheAwareContextLoaderDelegate]
14:35:46.999 [Test worker] DEBUG org.springframework.test.context.BootstrapUtils - Instantiating BootstrapContext using constructor [public org.springframework.test.context.support.DefaultBootstrapContext(java.lang.Class,org.springframework.test.context.CacheAwareContextLoaderDelegate)]
14:35:47.050 [Test worker] DEBUG org.springframework.test.context.BootstrapUtils - Instantiating TestContextBootstrapper for test class [org.judy.silentkiosk.order.repository.OrderRepositoryTests] from class [org.springframework.boot.test.context.SpringBootTestContextBootstrapper]
14:35:47.071 [Test worker] INFO org.springframework.boot.test.context.SpringBootTestContextBootstrapper - Neither @ContextConfiguration nor @ContextHierarchy found for test class [org.judy.silentkiosk.order.repository.OrderRepositoryTests], using SpringBootContextLoader
14:35:47.078 [Test worker] DEBUG org.springframework.test.context.support.AbstractContextLoader - Did not detect default resource location for test class [org.judy.silentkiosk.order.repository.OrderRepositoryTests]: class path resource [org/judy/silentkiosk/order/repository/OrderRepositoryTests-context.xml] does not exist
14:35:47.079 [Test worker] DEBUG org.springframework.test.context.support.AbstractContextLoader - Did not detect default resource location for test class [org.judy.silentkiosk.order.repository.OrderRepositoryTests]: class path resource [org/judy/silentkiosk/order/repository/OrderRepositoryTestsContext.groovy] does not exist
14:35:47.079 [Test worker] INFO org.springframework.test.context.support.AbstractContextLoader - Could not detect default resource locations for test class [org.judy.silentkiosk.order.repository.OrderRepositoryTests]: no resource found for suffixes {-context.xml, Context.groovy}.
14:35:47.081 [Test worker] INFO org.springframework.test.context.support.AnnotationConfigContextLoaderUtils - Could not detect default configuration classes for test class [org.judy.silentkiosk.order.repository.OrderRepositoryTests]: OrderRepositoryTests does not declare any static, non-private, non-final, nested classes annotated with @Configuration.
14:35:47.154 [Test worker] DEBUG org.springframework.test.context.support.ActiveProfilesUtils - Could not find an 'annotation declaring class' for annotation type [org.springframework.test.context.ActiveProfiles] and class [org.judy.silentkiosk.order.repository.OrderRepositoryTests]
14:35:47.286 [Test worker] DEBUG org.springframework.context.annotation.ClassPathScanningCandidateComponentProvider - Identified candidate component class: file [C:\project\silentkiosk\build\classes\java\main\org\judy\silentkiosk\SilentkioskApplication.class]
14:35:47.288 [Test worker] INFO org.springframework.boot.test.context.SpringBootTestContextBootstrapper - Found @SpringBootConfiguration org.judy.silentkiosk.SilentkioskApplication for test class org.judy.silentkiosk.order.repository.OrderRepositoryTests
14:35:47.463 [Test worker] DEBUG org.springframework.boot.test.context.SpringBootTestContextBootstrapper - @TestExecutionListeners is not present for class [org.judy.silentkiosk.order.repository.OrderRepositoryTests]: using defaults.
14:35:47.464 [Test worker] INFO org.springframework.boot.test.context.SpringBootTestContextBootstrapper - Loaded default TestExecutionListener class names from location [META-INF/spring.factories]: [org.springframework.boot.test.autoconfigure.restdocs.RestDocsTestExecutionListener, org.springframework.boot.test.autoconfigure.web.client.MockRestServiceServerResetTestExecutionListener, org.springframework.boot.test.autoconfigure.web.servlet.MockMvcPrintOnlyOnFailureTestExecutionListener, org.springframework.boot.test.autoconfigure.web.servlet.WebDriverTestExecutionListener, org.springframework.boot.test.autoconfigure.webservices.client.MockWebServiceServerTestExecutionListener, org.springframework.boot.test.mock.mockito.MockitoTestExecutionListener, org.springframework.boot.test.mock.mockito.ResetMocksTestExecutionListener, org.springframework.test.context.web.ServletTestExecutionListener, org.springframework.test.context.support.DirtiesContextBeforeModesTestExecutionListener, org.springframework.test.context.event.ApplicationEventsTestExecutionListener, org.springframework.test.context.support.DependencyInjectionTestExecutionListener, org.springframework.test.context.support.DirtiesContextTestExecutionListener, org.springframework.test.context.transaction.TransactionalTestExecutionListener, org.springframework.test.context.jdbc.SqlScriptsTestExecutionListener, org.springframework.test.context.event.EventPublishingTestExecutionListener]
14:35:47.494 [Test worker] INFO org.springframework.boot.test.context.SpringBootTestContextBootstrapper - Using TestExecutionListeners: [org.springframework.test.context.web.ServletTestExecutionListener@53d91861, org.springframework.test.context.support.DirtiesContextBeforeModesTestExecutionListener@6aac2b11, org.springframework.test.context.event.ApplicationEventsTestExecutionListener@6995f1ea, org.springframework.boot.test.mock.mockito.MockitoTestExecutionListener@61dd7320, org.springframework.boot.test.autoconfigure.SpringBootDependencyInjectionTestExecutionListener@7adc656a, org.springframework.test.context.support.DirtiesContextTestExecutionListener@71a32d83, org.springframework.test.context.transaction.TransactionalTestExecutionListener@37ff98fc, org.springframework.test.context.jdbc.SqlScriptsTestExecutionListener@3db1a950, org.springframework.test.context.event.EventPublishingTestExecutionListener@245f6cb9, org.springframework.boot.test.autoconfigure.restdocs.RestDocsTestExecutionListener@4cf89284, org.springframework.boot.test.autoconfigure.web.client.MockRestServiceServerResetTestExecutionListener@70bdb9f, org.springframework.boot.test.autoconfigure.web.servlet.MockMvcPrintOnlyOnFailureTestExecutionListener@37401907, org.springframework.boot.test.autoconfigure.web.servlet.WebDriverTestExecutionListener@68a581f2, org.springframework.boot.test.autoconfigure.webservices.client.MockWebServiceServerTestExecutionListener@604142d0, org.springframework.boot.test.mock.mockito.ResetMocksTestExecutionListener@394fba64]
14:35:47.501 [Test worker] DEBUG org.springframework.test.context.support.AbstractDirtiesContextTestExecutionListener - Before test class: context [DefaultTestContext@4d8c7b4d testClass = OrderRepositoryTests, testInstance = [null], testMethod = [null], testException = [null], mergedContextConfiguration = [WebMergedContextConfiguration@43a6e1dc testClass = OrderRepositoryTests, locations = '{}', classes = '{class org.judy.silentkiosk.SilentkioskApplication}', contextInitializerClasses = '[]', activeProfiles = '{}', propertySourceLocations = '{}', propertySourceProperties = '{org.springframework.boot.test.context.SpringBootTestContextBootstrapper=true}', contextCustomizers = set[org.springframework.boot.test.autoconfigure.actuate.metrics.MetricsExportContextCustomizerFactory$DisableMetricExportContextCustomizer@1e0d9af5, org.springframework.boot.test.autoconfigure.properties.PropertyMappingContextCustomizer@0, org.springframework.boot.test.autoconfigure.web.servlet.WebDriverContextCustomizerFactory$Customizer@70e6713a, org.springframework.boot.test.context.filter.ExcludeFilterContextCustomizer@1a20de0d, org.springframework.boot.test.json.DuplicateJsonObjectContextCustomizerFactory$DuplicateJsonObjectContextCustomizer@6fd34a36, org.springframework.boot.test.mock.mockito.MockitoContextCustomizer@0, org.springframework.boot.test.web.client.TestRestTemplateContextCustomizer@508b44d1, org.springframework.boot.test.context.SpringBootTestArgs@1, org.springframework.boot.test.context.SpringBootTestWebEnvironment@111c54f6], resourceBasePath = 'src/main/webapp', contextLoader = 'org.springframework.boot.test.context.SpringBootContextLoader', parent = [null]], attributes = map['org.springframework.test.context.web.ServletTestExecutionListener.activateListener' -> true]], class annotated with @DirtiesContext [false] with mode [null].
14:35:47.616 [Test worker] DEBUG org.springframework.test.context.support.TestPropertySourceUtils - Adding inlined properties to environment: {spring.jmx.enabled=false, org.springframework.boot.test.context.SpringBootTestContextBootstrapper=true}

  .   ____          _            __ _ _
 /\\ / ___'_ __ _ _(_)_ __  __ _ \ \ \ \
( ( )\___ | '_ | '_| | '_ \/ _` | \ \ \ \
 \\/  ___)| |_)| | | | | || (_| |  ) ) ) )
  '  |____| .__|_| |_|_| |_\__, | / / / /
 =========|_|==============|___/=/_/_/_/
 :: Spring Boot ::                (v2.4.5)

2021-05-17 14:35:47.984  INFO 13892 --- [    Test worker] o.j.s.o.repository.OrderRepositoryTests  : Starting OrderRepositoryTests using Java 15.0.1 on DESKTOP-8JMSRA8 with PID 13892 (started by ygk07 in C:\project\silentkiosk)
2021-05-17 14:35:47.987  INFO 13892 --- [    Test worker] o.j.s.o.repository.OrderRepositoryTests  : No active profile set, falling back to default profiles: default
2021-05-17 14:35:48.847  INFO 13892 --- [    Test worker] .s.d.r.c.RepositoryConfigurationDelegate : Bootstrapping Spring Data JPA repositories in DEFAULT mode.
2021-05-17 14:35:48.951  INFO 13892 --- [    Test worker] .s.d.r.c.RepositoryConfigurationDelegate : Finished Spring Data repository scanning in 94 ms. Found 4 JPA repository interfaces.
2021-05-17 14:35:49.639  INFO 13892 --- [    Test worker] o.hibernate.jpa.internal.util.LogHelper  : HHH000204: Processing PersistenceUnitInfo [name: default]
2021-05-17 14:35:49.703  INFO 13892 --- [    Test worker] org.hibernate.Version                    : HHH000412: Hibernate ORM core version 5.4.30.Final
2021-05-17 14:35:49.865  INFO 13892 --- [    Test worker] o.hibernate.annotations.common.Version   : HCANN000001: Hibernate Commons Annotations {5.1.2.Final}
2021-05-17 14:35:49.982  INFO 13892 --- [    Test worker] com.zaxxer.hikari.HikariDataSource       : HikariPool-1 - Starting...
2021-05-17 14:35:50.449  INFO 13892 --- [    Test worker] com.zaxxer.hikari.HikariDataSource       : HikariPool-1 - Start completed.
2021-05-17 14:35:50.480  INFO 13892 --- [    Test worker] org.hibernate.dialect.Dialect            : HHH000400: Using dialect: org.hibernate.dialect.MySQL8Dialect
2021-05-17 14:35:50.854  WARN 13892 --- [    Test worker] org.hibernate.mapping.RootClass          : HHH000038: Composite-id class does not override equals(): org.judy.silentkiosk.store.entity.MenuTopping
2021-05-17 14:35:50.855  WARN 13892 --- [    Test worker] org.hibernate.mapping.RootClass          : HHH000039: Composite-id class does not override hashCode(): org.judy.silentkiosk.store.entity.MenuTopping
2021-05-17 14:35:51.626  INFO 13892 --- [    Test worker] o.h.e.t.j.p.i.JtaPlatformInitiator       : HHH000490: Using JtaPlatform implementation: [org.hibernate.engine.transaction.jta.platform.internal.NoJtaPlatform]
2021-05-17 14:35:51.640  INFO 13892 --- [    Test worker] j.LocalContainerEntityManagerFactoryBean : Initialized JPA EntityManagerFactory for persistence unit 'default'
2021-05-17 14:35:51.812  INFO 13892 --- [    Test worker] o.s.s.concurrent.ThreadPoolTaskExecutor  : Initializing ExecutorService 'clientInboundChannelExecutor'
2021-05-17 14:35:51.829  INFO 13892 --- [    Test worker] o.s.s.concurrent.ThreadPoolTaskExecutor  : Initializing ExecutorService 'clientOutboundChannelExecutor'
2021-05-17 14:35:51.832  INFO 13892 --- [    Test worker] o.s.s.concurrent.ThreadPoolTaskExecutor  : Initializing ExecutorService 'brokerChannelExecutor'
2021-05-17 14:35:52.757  INFO 13892 --- [    Test worker] o.s.s.c.ThreadPoolTaskScheduler          : Initializing ExecutorService 'messageBrokerTaskScheduler'
2021-05-17 14:35:52.866  WARN 13892 --- [    Test worker] JpaBaseConfiguration$JpaWebConfiguration : spring.jpa.open-in-view is enabled by default. Therefore, database queries may be performed during view rendering. Explicitly configure spring.jpa.open-in-view to disable this warning
2021-05-17 14:35:53.729  INFO 13892 --- [    Test worker] o.s.m.s.b.SimpleBrokerMessageHandler     : Starting...
2021-05-17 14:35:53.729  INFO 13892 --- [    Test worker] o.s.m.s.b.SimpleBrokerMessageHandler     : BrokerAvailabilityEvent[available=true, SimpleBrokerMessageHandler [org.springframework.messaging.simp.broker.DefaultSubscriptionRegistry@4877c164]]
2021-05-17 14:35:53.729  INFO 13892 --- [    Test worker] o.s.m.s.b.SimpleBrokerMessageHandler     : Started.
2021-05-17 14:35:53.738  INFO 13892 --- [    Test worker] o.j.s.o.repository.OrderRepositoryTests  : Started OrderRepositoryTests in 6.112 seconds (JVM running for 7.826)
Hibernate: 
    select
        store0_.sno as sno1_5_,
        store0_.updatedate as updateda2_5_,
        store0_.regdate as regdate3_5_,
        store0_.address as address4_5_,
        store0_.category as category5_5_,
        store0_.enable as enable6_5_,
        store0_.lat as lat7_5_,
        store0_.lng as lng8_5_,
        store0_.logoImg as logoimg9_5_,
        store0_.mid as mid10_5_,
        store0_.sname as sname11_5_ 
    from
        tbl_store store0_ 
    where
        store0_.sno=?
Hibernate: 
    select
        kiosk_.serialNum,
        kiosk_.kEndDate as kenddate2_0_,
        kiosk_.kStartDate as kstartda3_0_,
        kiosk_.sno as sno4_0_ 
    from
        tbl_kiosk kiosk_ 
    where
        kiosk_.serialNum=?
Hibernate: 
    insert 
    into
        tbl_order
        (updatedate, regdate, cancel, serialNum, totalPrice) 
    values
        (?, ?, ?, ?, ?)
]]></system-out>
  <system-err><![CDATA[]]></system-err>
</testsuite>
