<?xml version="1.0" encoding="UTF-8"?>
<testsuite name="org.judy.silentkiosk.service.MenuServiceTests" tests="1" skipped="0" failures="0" errors="0" timestamp="2021-05-12T06:29:00" hostname="LAPTOP-2A8VP129" time="0.296">
  <properties/>
  <testcase name="getMenuToppingTest()" classname="org.judy.silentkiosk.service.MenuServiceTests" time="0.296"/>
  <system-out><![CDATA[15:28:54.284 [Test worker] DEBUG org.springframework.test.context.BootstrapUtils - Instantiating CacheAwareContextLoaderDelegate from class [org.springframework.test.context.cache.DefaultCacheAwareContextLoaderDelegate]
15:28:54.300 [Test worker] DEBUG org.springframework.test.context.BootstrapUtils - Instantiating BootstrapContext using constructor [public org.springframework.test.context.support.DefaultBootstrapContext(java.lang.Class,org.springframework.test.context.CacheAwareContextLoaderDelegate)]
15:28:54.316 [Test worker] DEBUG org.springframework.test.context.BootstrapUtils - Instantiating TestContextBootstrapper for test class [org.judy.silentkiosk.service.MenuServiceTests] from class [org.springframework.boot.test.context.SpringBootTestContextBootstrapper]
15:28:54.331 [Test worker] INFO org.springframework.boot.test.context.SpringBootTestContextBootstrapper - Neither @ContextConfiguration nor @ContextHierarchy found for test class [org.judy.silentkiosk.service.MenuServiceTests], using SpringBootContextLoader
15:28:54.331 [Test worker] DEBUG org.springframework.test.context.support.AbstractContextLoader - Did not detect default resource location for test class [org.judy.silentkiosk.service.MenuServiceTests]: class path resource [org/judy/silentkiosk/service/MenuServiceTests-context.xml] does not exist
15:28:54.331 [Test worker] DEBUG org.springframework.test.context.support.AbstractContextLoader - Did not detect default resource location for test class [org.judy.silentkiosk.service.MenuServiceTests]: class path resource [org/judy/silentkiosk/service/MenuServiceTestsContext.groovy] does not exist
15:28:54.331 [Test worker] INFO org.springframework.test.context.support.AbstractContextLoader - Could not detect default resource locations for test class [org.judy.silentkiosk.service.MenuServiceTests]: no resource found for suffixes {-context.xml, Context.groovy}.
15:28:54.331 [Test worker] INFO org.springframework.test.context.support.AnnotationConfigContextLoaderUtils - Could not detect default configuration classes for test class [org.judy.silentkiosk.service.MenuServiceTests]: MenuServiceTests does not declare any static, non-private, non-final, nested classes annotated with @Configuration.
15:28:54.364 [Test worker] DEBUG org.springframework.test.context.support.ActiveProfilesUtils - Could not find an 'annotation declaring class' for annotation type [org.springframework.test.context.ActiveProfiles] and class [org.judy.silentkiosk.service.MenuServiceTests]
15:28:54.443 [Test worker] DEBUG org.springframework.context.annotation.ClassPathScanningCandidateComponentProvider - Identified candidate component class: file [C:\Users\MINJUNG\ideaProjects\silentkiosk\build\classes\java\main\org\judy\silentkiosk\SilentkioskApplication.class]
15:28:54.443 [Test worker] INFO org.springframework.boot.test.context.SpringBootTestContextBootstrapper - Found @SpringBootConfiguration org.judy.silentkiosk.SilentkioskApplication for test class org.judy.silentkiosk.service.MenuServiceTests
15:28:54.524 [Test worker] DEBUG org.springframework.boot.test.context.SpringBootTestContextBootstrapper - @TestExecutionListeners is not present for class [org.judy.silentkiosk.service.MenuServiceTests]: using defaults.
15:28:54.524 [Test worker] INFO org.springframework.boot.test.context.SpringBootTestContextBootstrapper - Loaded default TestExecutionListener class names from location [META-INF/spring.factories]: [org.springframework.boot.test.autoconfigure.restdocs.RestDocsTestExecutionListener, org.springframework.boot.test.autoconfigure.web.client.MockRestServiceServerResetTestExecutionListener, org.springframework.boot.test.autoconfigure.web.servlet.MockMvcPrintOnlyOnFailureTestExecutionListener, org.springframework.boot.test.autoconfigure.web.servlet.WebDriverTestExecutionListener, org.springframework.boot.test.autoconfigure.webservices.client.MockWebServiceServerTestExecutionListener, org.springframework.boot.test.mock.mockito.MockitoTestExecutionListener, org.springframework.boot.test.mock.mockito.ResetMocksTestExecutionListener, org.springframework.test.context.web.ServletTestExecutionListener, org.springframework.test.context.support.DirtiesContextBeforeModesTestExecutionListener, org.springframework.test.context.event.ApplicationEventsTestExecutionListener, org.springframework.test.context.support.DependencyInjectionTestExecutionListener, org.springframework.test.context.support.DirtiesContextTestExecutionListener, org.springframework.test.context.transaction.TransactionalTestExecutionListener, org.springframework.test.context.jdbc.SqlScriptsTestExecutionListener, org.springframework.test.context.event.EventPublishingTestExecutionListener]
15:28:54.540 [Test worker] INFO org.springframework.boot.test.context.SpringBootTestContextBootstrapper - Using TestExecutionListeners: [org.springframework.test.context.web.ServletTestExecutionListener@96d148f, org.springframework.test.context.support.DirtiesContextBeforeModesTestExecutionListener@1f813b96, org.springframework.test.context.event.ApplicationEventsTestExecutionListener@aebae24, org.springframework.boot.test.mock.mockito.MockitoTestExecutionListener@58b83e2d, org.springframework.boot.test.autoconfigure.SpringBootDependencyInjectionTestExecutionListener@399080d9, org.springframework.test.context.support.DirtiesContextTestExecutionListener@2fdb51f6, org.springframework.test.context.transaction.TransactionalTestExecutionListener@781640a7, org.springframework.test.context.jdbc.SqlScriptsTestExecutionListener@614650de, org.springframework.test.context.event.EventPublishingTestExecutionListener@5c6d8267, org.springframework.boot.test.autoconfigure.restdocs.RestDocsTestExecutionListener@29cc2cfd, org.springframework.boot.test.autoconfigure.web.client.MockRestServiceServerResetTestExecutionListener@6315421b, org.springframework.boot.test.autoconfigure.web.servlet.MockMvcPrintOnlyOnFailureTestExecutionListener@30863e07, org.springframework.boot.test.autoconfigure.web.servlet.WebDriverTestExecutionListener@48ecca, org.springframework.boot.test.autoconfigure.webservices.client.MockWebServiceServerTestExecutionListener@48ab83fa, org.springframework.boot.test.mock.mockito.ResetMocksTestExecutionListener@1e7156e]
15:28:54.540 [Test worker] DEBUG org.springframework.test.context.support.AbstractDirtiesContextTestExecutionListener - Before test class: context [DefaultTestContext@edd6bb9 testClass = MenuServiceTests, testInstance = [null], testMethod = [null], testException = [null], mergedContextConfiguration = [WebMergedContextConfiguration@7135e9bf testClass = MenuServiceTests, locations = '{}', classes = '{class org.judy.silentkiosk.SilentkioskApplication}', contextInitializerClasses = '[]', activeProfiles = '{}', propertySourceLocations = '{}', propertySourceProperties = '{org.springframework.boot.test.context.SpringBootTestContextBootstrapper=true}', contextCustomizers = set[org.springframework.boot.test.autoconfigure.actuate.metrics.MetricsExportContextCustomizerFactory$DisableMetricExportContextCustomizer@59cba255, org.springframework.boot.test.autoconfigure.properties.PropertyMappingContextCustomizer@0, org.springframework.boot.test.autoconfigure.web.servlet.WebDriverContextCustomizerFactory$Customizer@4bba3ce0, org.springframework.boot.test.context.filter.ExcludeFilterContextCustomizer@76bb1f23, org.springframework.boot.test.json.DuplicateJsonObjectContextCustomizerFactory$DuplicateJsonObjectContextCustomizer@5d826fde, org.springframework.boot.test.mock.mockito.MockitoContextCustomizer@0, org.springframework.boot.test.web.client.TestRestTemplateContextCustomizer@68de645e, org.springframework.boot.test.context.SpringBootTestArgs@1, org.springframework.boot.test.context.SpringBootTestWebEnvironment@111c54f6], resourceBasePath = 'src/main/webapp', contextLoader = 'org.springframework.boot.test.context.SpringBootContextLoader', parent = [null]], attributes = map['org.springframework.test.context.web.ServletTestExecutionListener.activateListener' -> true]], class annotated with @DirtiesContext [false] with mode [null].
15:28:54.602 [Test worker] DEBUG org.springframework.test.context.support.TestPropertySourceUtils - Adding inlined properties to environment: {spring.jmx.enabled=false, org.springframework.boot.test.context.SpringBootTestContextBootstrapper=true}

  .   ____          _            __ _ _
 /\\ / ___'_ __ _ _(_)_ __  __ _ \ \ \ \
( ( )\___ | '_ | '_| | '_ \/ _` | \ \ \ \
 \\/  ___)| |_)| | | | | || (_| |  ) ) ) )
  '  |____| .__|_| |_|_| |_\__, | / / / /
 =========|_|==============|___/=/_/_/_/
 :: Spring Boot ::                (v2.4.5)

2021-05-12 15:28:54.908  INFO 2228 --- [    Test worker] o.j.s.service.MenuServiceTests           : Starting MenuServiceTests using Java 15.0.1 on LAPTOP-2A8VP129 with PID 2228 (started by MINJUNG in C:\Users\MINJUNG\ideaProjects\silentkiosk)
2021-05-12 15:28:54.908  INFO 2228 --- [    Test worker] o.j.s.service.MenuServiceTests           : No active profile set, falling back to default profiles: default
2021-05-12 15:28:55.685  INFO 2228 --- [    Test worker] .s.d.r.c.RepositoryConfigurationDelegate : Bootstrapping Spring Data JPA repositories in DEFAULT mode.
2021-05-12 15:28:55.780  INFO 2228 --- [    Test worker] .s.d.r.c.RepositoryConfigurationDelegate : Finished Spring Data repository scanning in 89 ms. Found 4 JPA repository interfaces.
2021-05-12 15:28:56.434  INFO 2228 --- [    Test worker] o.hibernate.jpa.internal.util.LogHelper  : HHH000204: Processing PersistenceUnitInfo [name: default]
2021-05-12 15:28:56.518  INFO 2228 --- [    Test worker] org.hibernate.Version                    : HHH000412: Hibernate ORM core version 5.4.30.Final
2021-05-12 15:28:56.691  INFO 2228 --- [    Test worker] o.hibernate.annotations.common.Version   : HCANN000001: Hibernate Commons Annotations {5.1.2.Final}
2021-05-12 15:28:56.817  INFO 2228 --- [    Test worker] com.zaxxer.hikari.HikariDataSource       : HikariPool-1 - Starting...
2021-05-12 15:28:57.262  INFO 2228 --- [    Test worker] com.zaxxer.hikari.HikariDataSource       : HikariPool-1 - Start completed.
2021-05-12 15:28:57.278  INFO 2228 --- [    Test worker] org.hibernate.dialect.Dialect            : HHH000400: Using dialect: org.hibernate.dialect.MySQL8Dialect
2021-05-12 15:28:57.629  WARN 2228 --- [    Test worker] org.hibernate.mapping.RootClass          : HHH000038: Composite-id class does not override equals(): org.judy.silentkiosk.store.entity.MenuTopping
2021-05-12 15:28:57.629  WARN 2228 --- [    Test worker] org.hibernate.mapping.RootClass          : HHH000039: Composite-id class does not override hashCode(): org.judy.silentkiosk.store.entity.MenuTopping
2021-05-12 15:28:58.305  INFO 2228 --- [    Test worker] o.h.e.t.j.p.i.JtaPlatformInitiator       : HHH000490: Using JtaPlatform implementation: [org.hibernate.engine.transaction.jta.platform.internal.NoJtaPlatform]
2021-05-12 15:28:58.322  INFO 2228 --- [    Test worker] j.LocalContainerEntityManagerFactoryBean : Initialized JPA EntityManagerFactory for persistence unit 'default'
2021-05-12 15:28:58.448  INFO 2228 --- [    Test worker] o.s.s.concurrent.ThreadPoolTaskExecutor  : Initializing ExecutorService 'clientInboundChannelExecutor'
2021-05-12 15:28:58.448  INFO 2228 --- [    Test worker] o.s.s.concurrent.ThreadPoolTaskExecutor  : Initializing ExecutorService 'clientOutboundChannelExecutor'
2021-05-12 15:28:58.463  INFO 2228 --- [    Test worker] o.s.s.concurrent.ThreadPoolTaskExecutor  : Initializing ExecutorService 'brokerChannelExecutor'
2021-05-12 15:28:59.061  INFO 2228 --- [    Test worker] o.s.s.c.ThreadPoolTaskScheduler          : Initializing ExecutorService 'messageBrokerTaskScheduler'
2021-05-12 15:28:59.196  WARN 2228 --- [    Test worker] JpaBaseConfiguration$JpaWebConfiguration : spring.jpa.open-in-view is enabled by default. Therefore, database queries may be performed during view rendering. Explicitly configure spring.jpa.open-in-view to disable this warning
2021-05-12 15:29:00.160  INFO 2228 --- [    Test worker] o.s.m.s.b.SimpleBrokerMessageHandler     : Starting...
2021-05-12 15:29:00.160  INFO 2228 --- [    Test worker] o.s.m.s.b.SimpleBrokerMessageHandler     : BrokerAvailabilityEvent[available=true, SimpleBrokerMessageHandler [org.springframework.messaging.simp.broker.DefaultSubscriptionRegistry@407a9c45]]
2021-05-12 15:29:00.160  INFO 2228 --- [    Test worker] o.s.m.s.b.SimpleBrokerMessageHandler     : Started.
2021-05-12 15:29:00.177  INFO 2228 --- [    Test worker] o.j.s.service.MenuServiceTests           : Started MenuServiceTests in 5.56 seconds (JVM running for 6.578)
Hibernate: 
    select
        storetoppi1_.tno as tno1_7_0_,
        menutoppin0_.tno as tno1_1_1_,
        menutoppin0_.mno as mno2_1_1_,
        storetoppi1_.sno as sno5_7_0_,
        storetoppi1_.tImg as timg2_7_0_,
        storetoppi1_.tName as tname3_7_0_,
        storetoppi1_.tPrice as tprice4_7_0_ 
    from
        tbl_menu_topping menutoppin0_ 
    left outer join
        tbl_store_topping storetoppi1_ 
            on (
                menutoppin0_.tno=storetoppi1_.tno
            ) 
    where
        menutoppin0_.mno=?
2021-05-12 15:29:00.496  INFO 2228 --- [    Test worker] o.j.s.service.MenuServiceTests           : [StoreToppingDTO(tno=53, sno=null, tPrice=1000, tImg=, tName=라면사리), StoreToppingDTO(tno=55, sno=null, tPrice=1000, tImg=, tName=소세지), StoreToppingDTO(tno=57, sno=null, tPrice=1000, tImg=, tName=당면)]
]]></system-out>
  <system-err><![CDATA[]]></system-err>
</testsuite>
